Using pre-set license
Built from '2020.3/staging' branch; Version is '2020.3.8f1 (507919d4fff5) revision 5273881'; Using compiler version '192528614'; Build Type 'Release'
OS: 'Windows 10 Home Single Language; OS build 19043.1586; Version 2009; 64bit' Language: 'en' Physical Memory: 16238 MB
BatchMode: 1, IsHumanControllingUs: 0, StartBugReporterOnCrash: 0, Is64bit: 1, IsPro: 0

 COMMAND LINE ARGUMENTS:
D:\Unity 2020.3.8f1\Editor\Unity.exe
-adb2
-batchMode
-noUpm
-name
AssetImportWorker0
-projectPath
D:/School/GAMENET/GAMENET Finals/Soliveres_GAMENET_CaptureTheFlag
-logFile
Logs/AssetImportWorker0.log
-srvPort
62323
Successfully changed project path to: D:/School/GAMENET/GAMENET Finals/Soliveres_GAMENET_CaptureTheFlag
D:/School/GAMENET/GAMENET Finals/Soliveres_GAMENET_CaptureTheFlag
Using Asset Import Pipeline V2.
Refreshing native plugins compatible for Editor in 35.80 ms, found 0 plugins.
Preloading 0 native plugins for Editor in 0.00 ms.
Initialize engine version: 2020.3.8f1 (507919d4fff5)
[Subsystems] Discovering subsystems at path D:/Unity 2020.3.8f1/Editor/Data/Resources/UnitySubsystems
[Subsystems] Discovering subsystems at path D:/School/GAMENET/GAMENET Finals/Soliveres_GAMENET_CaptureTheFlag/Assets
GfxDevice: creating device client; threaded=0
Direct3D:
    Version:  Direct3D 11.0 [level 11.1]
    Renderer: NVIDIA GeForce GTX 1050 (ID=0x1c8d)
    Vendor:   
    VRAM:     4021 MB
    Driver:   30.0.15.1215
Initialize mono
Mono path[0] = 'D:/Unity 2020.3.8f1/Editor/Data/Managed'
Mono path[1] = 'D:/Unity 2020.3.8f1/Editor/Data/MonoBleedingEdge/lib/mono/unityjit'
Mono config path = 'D:/Unity 2020.3.8f1/Editor/Data/MonoBleedingEdge/etc'
Using monoOptions --debugger-agent=transport=dt_socket,embedding=1,server=y,suspend=n,address=127.0.0.1:56008
Begin MonoManager ReloadAssembly
Registering precompiled unity dll's ...
Register platform support module: D:/Unity 2020.3.8f1/Editor/Data/PlaybackEngines/WindowsStandaloneSupport/UnityEditor.WindowsStandalone.Extensions.dll
Registered in 0.001028 seconds.
Native extension for WindowsStandalone target not found
Refreshing native plugins compatible for Editor in 31.74 ms, found 0 plugins.
Preloading 0 native plugins for Editor in 0.00 ms.
Mono: successfully reloaded assembly
- Completed reload, in  0.972 seconds
Platform modules already initialized, skipping
Registering precompiled user dll's ...
Registered in 0.000502 seconds.
Begin MonoManager ReloadAssembly
Native extension for WindowsStandalone target not found
Refreshing native plugins compatible for Editor in 0.23 ms, found 0 plugins.
Preloading 0 native plugins for Editor in 0.00 ms.
Mono: successfully reloaded assembly
- Completed reload, in  1.208 seconds
Platform modules already initialized, skipping
========================================================================
Worker process is ready to serve import requests
Launched and connected shader compiler UnityShaderCompiler.exe after 0.06 seconds
Refreshing native plugins compatible for Editor in 0.21 ms, found 0 plugins.
Preloading 0 native plugins for Editor in 0.00 ms.
Unloading 1115 Unused Serialized files (Serialized files now loaded: 0)
System memory in use before: 57.1 MB.
System memory in use after: 57.1 MB.

Unloading 10 unused Assets to reduce memory usage. Loaded Objects now: 1557.
Total: 1.732300 ms (FindLiveObjects: 0.127400 ms CreateObjectMapping: 0.031400 ms MarkObjects: 1.503700 ms  DeleteObjects: 0.069000 ms)

========================================================================
Received Import Request.
  path: Assets/Scenes
  artifactKey: Guid(04a2622c19ca1a7448afc7c40cdb9cf5) Importer(815301076,1909f56bfc062723c751e8b465ee728b)
Start importing Assets/Scenes using Guid(04a2622c19ca1a7448afc7c40cdb9cf5) Importer(815301076,1909f56bfc062723c751e8b465ee728b)  -> (artifact id: '4e3fe278261015d0d75c71b7f5f1d934') in 0.003046 seconds
  Import took 0.101916 seconds .

========================================================================
Received Import Request.
  Time since last request: 2.810687 seconds.
  path: Assets/Scenes/LobbyScene.unity
  artifactKey: Guid(8ed63ce0ae31cc948aef4ca1c328188a) Importer(815301076,1909f56bfc062723c751e8b465ee728b)
Start importing Assets/Scenes/LobbyScene.unity using Guid(8ed63ce0ae31cc948aef4ca1c328188a) Importer(815301076,1909f56bfc062723c751e8b465ee728b)  -> (artifact id: '17970894ce91d5ab8e74a44dc8d840fd') in 0.012444 seconds
  Import took 0.014464 seconds .

========================================================================
Received Import Request.
  Time since last request: 13.255092 seconds.
  path: Assets/Scenes/MedievalVillage.unity
  artifactKey: Guid(f379b97722cb98949ad02e42b2d47927) Importer(815301076,1909f56bfc062723c751e8b465ee728b)
Start importing Assets/Scenes/MedievalVillage.unity using Guid(f379b97722cb98949ad02e42b2d47927) Importer(815301076,1909f56bfc062723c751e8b465ee728b)  -> (artifact id: '130d2ccdbdd39474cf1d124a606e2449') in 0.001804 seconds
  Import took 0.069591 seconds .

========================================================================
Received Import Request.
  Time since last request: 11.303493 seconds.
  path: Assets/Scenes/FantasyForest.unity
  artifactKey: Guid(60ae597d6c59847439c58e26ac86e105) Importer(815301076,1909f56bfc062723c751e8b465ee728b)
Start importing Assets/Scenes/FantasyForest.unity using Guid(60ae597d6c59847439c58e26ac86e105) Importer(815301076,1909f56bfc062723c751e8b465ee728b)  -> (artifact id: '8e0ee07d865cd828161f45f28cb5b19f') in 0.002182 seconds
  Import took 0.021366 seconds .

========================================================================
Received Import Request.
  Time since last request: 84.182444 seconds.
  path: Assets/Scenes/FantasyForest.unity
  artifactKey: Guid(60ae597d6c59847439c58e26ac86e105) Importer(815301076,1909f56bfc062723c751e8b465ee728b)
Start importing Assets/Scenes/FantasyForest.unity using Guid(60ae597d6c59847439c58e26ac86e105) Importer(815301076,1909f56bfc062723c751e8b465ee728b)  -> (artifact id: '8cb80a69f676bcf9513eb3390dcf88e8') in 0.001741 seconds
  Import took 0.004219 seconds .

AssetImportWorkerClient::OnTransportError - code=2 error=End of file
